LexToken(AUTOMATA_STATE,'q',1,0)
LexToken(ENDL,',',1,4)
LexToken(AUTOMATA_STATE,'q',2,6)
LexToken(ENDL,',',2,10)
LexToken(AUTOMATA_STATE,'q',3,12)
LexToken(ENDL,',',3,16)
LexToken(AUTOMATA_STATE,'q',4,18)
LexToken(ENDL,',',4,22)
LexToken(INPUT_ALPHABET,'(',5,24)
LexToken(INPUT_ALPHABET,')',5,28)
LexToken(COMMENT,'brackets are  beautiful',5,32)
LexToken(ENDL,',',5,57)
LexToken(STACK_ALPHABET,')',6,59)
LexToken(STACK_ALPHABET,'S',6,63)
LexToken(STACK_ALPHABET,'(',6,67)
LexToken(ENDL,',',6,71)
LexToken(AUTOMATA_STATE,'q',7,73)
LexToken(INPUT_ALPHABET,'(',7,77)
LexToken(STACK_ALPHABET,'(',7,81)
LexToken(BIND,'~',7,85)
LexToken(AUTOMATA_STATE,'q',8,101)
LexToken(NULL,'NULL',8,105)
LexToken(ENDL,',',8,110)
LexToken(AUTOMATA_STATE,'q',9,112)
LexToken(INPUT_ALPHABET,')',9,116)
LexToken(STACK_ALPHABET,')',9,120)
LexToken(BIND,'~',9,124)
LexToken(AUTOMATA_STATE,'q',9,126)
LexToken(NULL,'NULL',9,130)
LexToken(ENDL,',',9,135)
LexToken(COMMENT,"I love this rule above. It's my favourite!More comments Yet another one |More comments|It's my favourite!More comments|Yet another one",10,137)
LexToken(AUTOMATA_STATE,'q',11,218)
LexToken(EPS,'EPS',11,222)
LexToken(STACK_ALPHABET,'S',11,226)
LexToken(BIND,'~',11,230)
LexToken(AUTOMATA_STATE,'q',11,232)
LexToken(STACK_ALPHABET,'(S)S',11,236)
LexToken(ENDL,',',11,243)
LexToken(AUTOMATA_STATE,'q',12,245)
LexToken(EPS,'EPS',12,249)
LexToken(STACK_ALPHABET,'S',12,253)
LexToken(BIND,'~',12,257)
LexToken(AUTOMATA_STATE,'q',12,259)
LexToken(NULL,'NULL',12,263)
