LexToken(AUTOMATA_STATE,'q',1,0)
LexToken(ENDL,',',1,4)
LexToken(AUTOMATA_STATE,'q',2,6)
LexToken(ENDL,',',2,10)
LexToken(AUTOMATA_STATE,'q',3,12)
LexToken(ENDL,',',3,16)
LexToken(AUTOMATA_STATE,'q',4,18)
LexToken(ENDL,',',4,22)
LexToken(INPUT_ALPHABET,'(',5,24)
LexToken(INPUT_ALPHABET,')',5,28)
LexToken(ENDL,',',5,32)
LexToken(STACK_ALPHABET,')',6,34)
LexToken(STACK_ALPHABET,'S',6,38)
LexToken(STACK_ALPHABET,'(',6,42)
LexToken(ENDL,',',6,46)
LexToken(AUTOMATA_STATE,'q',7,48)
LexToken(INPUT_ALPHABET,'(',7,52)
LexToken(STACK_ALPHABET,'(',7,56)
LexToken(BIND,'~',7,60)
LexToken(AUTOMATA_STATE,'q',7,62)
LexToken(NULL,'NULL',7,66)
LexToken(ENDL,',',7,71)
LexToken(AUTOMATA_STATE,'q',8,73)
LexToken(INPUT_ALPHABET,')',8,77)
LexToken(STACK_ALPHABET,')',8,81)
LexToken(BIND,'~',8,85)
LexToken(AUTOMATA_STATE,'q',8,87)
LexToken(NULL,'NULL',8,91)
LexToken(ENDL,',',8,96)
LexToken(AUTOMATA_STATE,'q',9,98)
LexToken(EPS,'EPS',9,102)
LexToken(STACK_ALPHABET,'S',9,106)
LexToken(BIND,'~',9,110)
LexToken(AUTOMATA_STATE,'q',9,112)
LexToken(STACK_ALPHABET,'(S)S',9,116)
LexToken(ENDL,',',9,123)
LexToken(AUTOMATA_STATE,'q',10,125)
LexToken(EPS,'EPS',10,129)
LexToken(STACK_ALPHABET,'S',10,133)
LexToken(BIND,'~',10,137)
LexToken(AUTOMATA_STATE,'q',10,139)
LexToken(NULL,'NULL',10,143)
